<?xml version="1.0" encoding="UTF-8"?>
<testsuite name="dominio.unitaria.VendedorTest" tests="2" skipped="0" failures="0" errors="0" timestamp="2019-05-29T05:53:17" hostname="DESKTOP-O3DVRIT" time="0.11">
  <properties/>
  <testcase name="productoNoTieneGarantiaTest" classname="dominio.unitaria.VendedorTest" time="0.11"/>
  <testcase name="productoYaTieneGarantiaTest" classname="dominio.unitaria.VendedorTest" time="0.0"/>
  <system-out><![CDATA[]]></system-out>
  <system-err><![CDATA[]]></system-err>
</testsuite>
